Using pre-set license
Built from '2020.3/staging' branch; Version is '2020.3.13f1 (71691879b7f5) revision 7432472'; Using compiler version '192528614'; Build Type 'Release'
OS: 'Windows 10 Pro; OS build 19043.1237; Version 2009; 64bit' Language: 'es' Physical Memory: 16309 MB
BatchMode: 1, IsHumanControllingUs: 0, StartBugReporterOnCrash: 0, Is64bit: 1, IsPro: 0

 COMMAND LINE ARGUMENTS:
C:\Program Files\Unity\Hub\Editor\2020.3.13f1\Editor\Unity.exe
-adb2
-batchMode
-noUpm
-name
AssetImportWorker0
-projectPath
D:/repositorios/Git/FRD/Habita4.0
-logFile
Logs/AssetImportWorker0.log
-srvPort
49574
Successfully changed project path to: D:/repositorios/Git/FRD/Habita4.0
D:/repositorios/Git/FRD/Habita4.0
Using Asset Import Pipeline V2.
Refreshing native plugins compatible for Editor in 63.05 ms, found 2 plugins.
Preloading 0 native plugins for Editor in 0.00 ms.
Initialize engine version: 2020.3.13f1 (71691879b7f5)
[Subsystems] Discovering subsystems at path C:/Program Files/Unity/Hub/Editor/2020.3.13f1/Editor/Data/Resources/UnitySubsystems
[Subsystems] Discovering subsystems at path D:/repositorios/Git/FRD/Habita4.0/Assets
GfxDevice: creating device client; threaded=0
Direct3D:
    Version:  Direct3D 11.0 [level 11.1]
    Renderer: NVIDIA GeForce GTX 1650 SUPER (ID=0x2187)
    Vendor:   
    VRAM:     3955 MB
    Driver:   30.0.14.7212
Initialize mono
Mono path[0] = 'C:/Program Files/Unity/Hub/Editor/2020.3.13f1/Editor/Data/Managed'
Mono path[1] = 'C:/Program Files/Unity/Hub/Editor/2020.3.13f1/Editor/Data/MonoBleedingEdge/lib/mono/unityjit'
Mono config path = 'C:/Program Files/Unity/Hub/Editor/2020.3.13f1/Editor/Data/MonoBleedingEdge/etc'
Using monoOptions --debugger-agent=transport=dt_socket,embedding=1,server=y,suspend=n,address=127.0.0.1:56328
Begin MonoManager ReloadAssembly
Registering precompiled unity dll's ...
Register platform support module: C:/Program Files/Unity/Hub/Editor/2020.3.13f1/Editor/Data/PlaybackEngines/WebGLSupport/UnityEditor.WebGL.Extensions.dll
Register platform support module: C:/Program Files/Unity/Hub/Editor/2020.3.13f1/Editor/Data/PlaybackEngines/WindowsStandaloneSupport/UnityEditor.WindowsStandalone.Extensions.dll
Registered in 0.003190 seconds.
Native extension for WindowsStandalone target not found
Native extension for WebGL target not found
Refreshing native plugins compatible for Editor in 48.71 ms, found 2 plugins.
Preloading 0 native plugins for Editor in 0.00 ms.
Mono: successfully reloaded assembly
- Completed reload, in  2.702 seconds
Platform modules already initialized, skipping
Registering precompiled user dll's ...
Registered in 0.003546 seconds.
Begin MonoManager ReloadAssembly
Native extension for WindowsStandalone target not found
Native extension for WebGL target not found
Refreshing native plugins compatible for Editor in 0.52 ms, found 2 plugins.
Preloading 0 native plugins for Editor in 0.00 ms.
Mono: successfully reloaded assembly
- Completed reload, in  1.379 seconds
Platform modules already initialized, skipping
========================================================================
Worker process is ready to serve import requests
Launched and connected shader compiler UnityShaderCompiler.exe after 0.05 seconds
Refreshing native plugins compatible for Editor in 0.46 ms, found 2 plugins.
Preloading 0 native plugins for Editor in 0.00 ms.
Unloading 1690 Unused Serialized files (Serialized files now loaded: 0)
System memory in use before: 96.6 MB.
System memory in use after: 96.3 MB.

Unloading 21 unused Assets to reduce memory usage. Loaded Objects now: 2148.
Total: 4.978700 ms (FindLiveObjects: 0.247800 ms CreateObjectMapping: 0.043600 ms MarkObjects: 4.257500 ms  DeleteObjects: 0.427600 ms)

AssetImportParameters requested are different than current active one (requested -> active):
  custom:framework-win-MediaFoundation: 216162199b28c13a410421893ffa2e32 -> 
  custom:video-decoder-ogg-theora: a1e56fd34408186e4bbccfd4996cb3dc -> 
  custom:container-muxer-webm: aa71ff27fc2769a1b78a27578f13a17b -> 
  custom:container-demuxer-webm: 4f35f7cbe854078d1ac9338744f61a02 -> 
  custom:container-demuxer-ogg: 62fdf1f143b41e24485cea50d1cbac27 -> 
  custom:video-encoder-webm-vp8: eb34c28f22e8b96e1ab97ce403110664 -> 
  custom:video-decoder-webm-vp8: 9c59270c3fd7afecdb556c50c9e8de78 -> 
  custom:audio-decoder-ogg-vorbis: bf7c407c2cedff20999df2af8eb42d56 -> 
  custom:audio-encoder-webm-vorbis: bf7c407c2cedff20999df2af8eb42d56 -> 
========================================================================
Received Prepare
Refreshing native plugins compatible for Editor in 2.99 ms, found 2 plugins.
Preloading 0 native plugins for Editor in 0.00 ms.
Unloading 13 Unused Serialized files (Serialized files now loaded: 0)
System memory in use before: 61.5 MB.
System memory in use after: 61.3 MB.

Unloading 13 unused Assets to reduce memory usage. Loaded Objects now: 2148.
Total: 2.524900 ms (FindLiveObjects: 0.190900 ms CreateObjectMapping: 0.039100 ms MarkObjects: 1.950300 ms  DeleteObjects: 0.343400 ms)

AssetImportParameters requested are different than current active one (requested -> active):
  custom:framework-win-MediaFoundation: 216162199b28c13a410421893ffa2e32 -> 
  custom:video-decoder-ogg-theora: a1e56fd34408186e4bbccfd4996cb3dc -> 
  custom:container-muxer-webm: aa71ff27fc2769a1b78a27578f13a17b -> 
  custom:container-demuxer-webm: 4f35f7cbe854078d1ac9338744f61a02 -> 
  custom:container-demuxer-ogg: 62fdf1f143b41e24485cea50d1cbac27 -> 
  custom:video-encoder-webm-vp8: eb34c28f22e8b96e1ab97ce403110664 -> 
  custom:video-decoder-webm-vp8: 9c59270c3fd7afecdb556c50c9e8de78 -> 
  custom:audio-decoder-ogg-vorbis: bf7c407c2cedff20999df2af8eb42d56 -> 
  custom:audio-encoder-webm-vorbis: bf7c407c2cedff20999df2af8eb42d56 -> 
========================================================================
Received Import Request.
  path: Assets/Scenes/Game_3.unity
  artifactKey: Guid(468c135d0e82dd349948bca1d100335e) Importer(815301076,1909f56bfc062723c751e8b465ee728b)
Start importing Assets/Scenes/Game_3.unity using Guid(468c135d0e82dd349948bca1d100335e) Importer(815301076,1909f56bfc062723c751e8b465ee728b)  -> (artifact id: 'f8d93a37a7b6809b840041d9d5be899b') in 0.027555 seconds 
  Import took 0.030749 seconds .

========================================================================
Received Import Request.
  Time since last request: 8.945424 seconds.
  path: Assets/Scenes/Game_2.unity
  artifactKey: Guid(9fc0d4010bbf28b4594072e72b8655ab) Importer(815301076,1909f56bfc062723c751e8b465ee728b)
Start importing Assets/Scenes/Game_2.unity using Guid(9fc0d4010bbf28b4594072e72b8655ab) Importer(815301076,1909f56bfc062723c751e8b465ee728b)  -> (artifact id: '63c9bb684eab8416852c52d1b1409979') in 0.015321 seconds 
  Import took 0.019356 seconds .

========================================================================
Received Prepare
Registering precompiled user dll's ...
Registered in 0.004110 seconds.
Begin MonoManager ReloadAssembly
Native extension for WindowsStandalone target not found
Native extension for WebGL target not found
Refreshing native plugins compatible for Editor in 0.50 ms, found 2 plugins.
Preloading 0 native plugins for Editor in 0.00 ms.
Mono: successfully reloaded assembly
- Completed reload, in  1.199 seconds
Platform modules already initialized, skipping
Refreshing native plugins compatible for Editor in 0.45 ms, found 2 plugins.
Preloading 0 native plugins for Editor in 0.00 ms.
Unloading 1663 Unused Serialized files (Serialized files now loaded: 0)
System memory in use before: 94.4 MB.
System memory in use after: 94.2 MB.

Unloading 16 unused Assets to reduce memory usage. Loaded Objects now: 2151.
Total: 3.203600 ms (FindLiveObjects: 0.198500 ms CreateObjectMapping: 0.038900 ms MarkObjects: 2.572100 ms  DeleteObjects: 0.392700 ms)

AssetImportParameters requested are different than current active one (requested -> active):
  custom:framework-win-MediaFoundation: 216162199b28c13a410421893ffa2e32 -> 
  custom:video-decoder-ogg-theora: a1e56fd34408186e4bbccfd4996cb3dc -> 
  custom:container-muxer-webm: aa71ff27fc2769a1b78a27578f13a17b -> 
  custom:container-demuxer-webm: 4f35f7cbe854078d1ac9338744f61a02 -> 
  custom:container-demuxer-ogg: 62fdf1f143b41e24485cea50d1cbac27 -> 
  custom:video-encoder-webm-vp8: eb34c28f22e8b96e1ab97ce403110664 -> 
  custom:video-decoder-webm-vp8: 9c59270c3fd7afecdb556c50c9e8de78 -> 
  custom:audio-decoder-ogg-vorbis: bf7c407c2cedff20999df2af8eb42d56 -> 
  custom:audio-encoder-webm-vorbis: bf7c407c2cedff20999df2af8eb42d56 -> 
========================================================================
Received Import Request.
  Time since last request: 29.743673 seconds.
  path: Assets/Scenes/Game_2.1.unity
  artifactKey: Guid(9fc0d4010bbf28b4594072e72b8655ab) Importer(815301076,1909f56bfc062723c751e8b465ee728b)
Start importing Assets/Scenes/Game_2.1.unity using Guid(9fc0d4010bbf28b4594072e72b8655ab) Importer(815301076,1909f56bfc062723c751e8b465ee728b)  -> (artifact id: 'a357890050927ca93dc8c455d7aeb63d') in 0.028483 seconds 
  Import took 0.031787 seconds .

========================================================================
Received Import Request.
  Time since last request: 3.467762 seconds.
  path: Assets/Scenes/Game_3 1.unity
  artifactKey: Guid(e09d59dde47636e4cb07159456da0201) Importer(815301076,1909f56bfc062723c751e8b465ee728b)
Start importing Assets/Scenes/Game_3 1.unity using Guid(e09d59dde47636e4cb07159456da0201) Importer(815301076,1909f56bfc062723c751e8b465ee728b)  -> (artifact id: 'f2abc328874afe8c872bf29d86994442') in 0.015546 seconds 
  Import took 0.020030 seconds .

========================================================================
Received Import Request.
  Time since last request: 0.037559 seconds.
  path: Assets/Scenes/Game_3 1.unity
  artifactKey: Guid(e09d59dde47636e4cb07159456da0201) Importer(815301076,1909f56bfc062723c751e8b465ee728b)
Start importing Assets/Scenes/Game_3 1.unity using Guid(e09d59dde47636e4cb07159456da0201) Importer(815301076,1909f56bfc062723c751e8b465ee728b)  -> (artifact id: 'f2abc328874afe8c872bf29d86994442') in 0.015872 seconds 
  Import took 0.022683 seconds .

========================================================================
Received Import Request.
  Time since last request: 9.553126 seconds.
  path: Assets/Scenes/Game_2.unity
  artifactKey: Guid(e09d59dde47636e4cb07159456da0201) Importer(815301076,1909f56bfc062723c751e8b465ee728b)
Start importing Assets/Scenes/Game_2.unity using Guid(e09d59dde47636e4cb07159456da0201) Importer(815301076,1909f56bfc062723c751e8b465ee728b)  -> (artifact id: '6a852464bb27d5432562a3fdc9809934') in 0.004717 seconds 
  Import took 0.009570 seconds .

========================================================================
Received Import Request.
  Time since last request: 114.880692 seconds.
  path: Assets/Scenes/Game_4.unity
  artifactKey: Guid(5d37f1aaa7b580f47a956dd7ccb3434b) Importer(815301076,1909f56bfc062723c751e8b465ee728b)
Start importing Assets/Scenes/Game_4.unity using Guid(5d37f1aaa7b580f47a956dd7ccb3434b) Importer(815301076,1909f56bfc062723c751e8b465ee728b)  -> (artifact id: '9c1ba3c7fed145e1b35d4da5c537a347') in 0.007985 seconds 
  Import took 0.011596 seconds .

========================================================================
Received Prepare
Registering precompiled user dll's ...
Registered in 0.004344 seconds.
Begin MonoManager ReloadAssembly
Native extension for WindowsStandalone target not found
Native extension for WebGL target not found
Refreshing native plugins compatible for Editor in 0.72 ms, found 2 plugins.
Preloading 0 native plugins for Editor in 0.00 ms.
Mono: successfully reloaded assembly
- Completed reload, in  1.460 seconds
Platform modules already initialized, skipping
Refreshing native plugins compatible for Editor in 0.77 ms, found 2 plugins.
Preloading 0 native plugins for Editor in 0.00 ms.
Unloading 1663 Unused Serialized files (Serialized files now loaded: 0)
System memory in use before: 94.5 MB.
System memory in use after: 94.2 MB.

Unloading 16 unused Assets to reduce memory usage. Loaded Objects now: 2154.
Total: 6.335900 ms (FindLiveObjects: 2.066400 ms CreateObjectMapping: 0.145000 ms MarkObjects: 3.452500 ms  DeleteObjects: 0.670100 ms)

AssetImportParameters requested are different than current active one (requested -> active):
  custom:framework-win-MediaFoundation: 216162199b28c13a410421893ffa2e32 -> 
  custom:video-decoder-ogg-theora: a1e56fd34408186e4bbccfd4996cb3dc -> 
  custom:container-muxer-webm: aa71ff27fc2769a1b78a27578f13a17b -> 
  custom:container-demuxer-webm: 4f35f7cbe854078d1ac9338744f61a02 -> 
  custom:container-demuxer-ogg: 62fdf1f143b41e24485cea50d1cbac27 -> 
  custom:video-encoder-webm-vp8: eb34c28f22e8b96e1ab97ce403110664 -> 
  custom:video-decoder-webm-vp8: 9c59270c3fd7afecdb556c50c9e8de78 -> 
  custom:audio-decoder-ogg-vorbis: bf7c407c2cedff20999df2af8eb42d56 -> 
  custom:audio-encoder-webm-vorbis: bf7c407c2cedff20999df2af8eb42d56 -> 
========================================================================
Received Import Request.
  Time since last request: 53.201104 seconds.
  path: Assets/Scenes/Game_2.unity
  artifactKey: Guid(e09d59dde47636e4cb07159456da0201) Importer(815301076,1909f56bfc062723c751e8b465ee728b)
Start importing Assets/Scenes/Game_2.unity using Guid(e09d59dde47636e4cb07159456da0201) Importer(815301076,1909f56bfc062723c751e8b465ee728b)  -> (artifact id: 'f406c8f0d2b671653cc0e7ac0a6439ac') in 0.022609 seconds 
  Import took 0.025737 seconds .

========================================================================
Received Prepare
Refreshing native plugins compatible for Editor in 3.64 ms, found 2 plugins.
Preloading 0 native plugins for Editor in 0.00 ms.
Unloading 13 Unused Serialized files (Serialized files now loaded: 0)
System memory in use before: 61.8 MB.
System memory in use after: 61.5 MB.

Unloading 13 unused Assets to reduce memory usage. Loaded Objects now: 2154.
Total: 3.315400 ms (FindLiveObjects: 0.252100 ms CreateObjectMapping: 0.080000 ms MarkObjects: 2.492700 ms  DeleteObjects: 0.489500 ms)

AssetImportParameters requested are different than current active one (requested -> active):
  custom:framework-win-MediaFoundation: 216162199b28c13a410421893ffa2e32 -> 
  custom:video-decoder-ogg-theora: a1e56fd34408186e4bbccfd4996cb3dc -> 
  custom:container-muxer-webm: aa71ff27fc2769a1b78a27578f13a17b -> 
  custom:container-demuxer-webm: 4f35f7cbe854078d1ac9338744f61a02 -> 
  custom:container-demuxer-ogg: 62fdf1f143b41e24485cea50d1cbac27 -> 
  custom:video-encoder-webm-vp8: eb34c28f22e8b96e1ab97ce403110664 -> 
  custom:video-decoder-webm-vp8: 9c59270c3fd7afecdb556c50c9e8de78 -> 
  custom:audio-decoder-ogg-vorbis: bf7c407c2cedff20999df2af8eb42d56 -> 
  custom:audio-encoder-webm-vorbis: bf7c407c2cedff20999df2af8eb42d56 -> 
========================================================================
Received Prepare
Registering precompiled user dll's ...
Registered in 0.003142 seconds.
Begin MonoManager ReloadAssembly
Native extension for WindowsStandalone target not found
Native extension for WebGL target not found
Refreshing native plugins compatible for Editor in 0.66 ms, found 2 plugins.
Preloading 0 native plugins for Editor in 0.00 ms.
Mono: successfully reloaded assembly
- Completed reload, in  1.362 seconds
Platform modules already initialized, skipping
Refreshing native plugins compatible for Editor in 0.87 ms, found 2 plugins.
Preloading 0 native plugins for Editor in 0.00 ms.
Unloading 1663 Unused Serialized files (Serialized files now loaded: 0)
System memory in use before: 94.5 MB.
System memory in use after: 94.3 MB.

Unloading 16 unused Assets to reduce memory usage. Loaded Objects now: 2157.
Total: 2.829100 ms (FindLiveObjects: 0.200000 ms CreateObjectMapping: 0.039900 ms MarkObjects: 2.150900 ms  DeleteObjects: 0.436700 ms)

AssetImportParameters requested are different than current active one (requested -> active):
  custom:framework-win-MediaFoundation: 216162199b28c13a410421893ffa2e32 -> 
  custom:video-decoder-ogg-theora: a1e56fd34408186e4bbccfd4996cb3dc -> 
  custom:container-muxer-webm: aa71ff27fc2769a1b78a27578f13a17b -> 
  custom:container-demuxer-webm: 4f35f7cbe854078d1ac9338744f61a02 -> 
  custom:container-demuxer-ogg: 62fdf1f143b41e24485cea50d1cbac27 -> 
  custom:video-encoder-webm-vp8: eb34c28f22e8b96e1ab97ce403110664 -> 
  custom:video-decoder-webm-vp8: 9c59270c3fd7afecdb556c50c9e8de78 -> 
  custom:audio-decoder-ogg-vorbis: bf7c407c2cedff20999df2af8eb42d56 -> 
  custom:audio-encoder-webm-vorbis: bf7c407c2cedff20999df2af8eb42d56 -> 
========================================================================
Received Prepare
Refreshing native plugins compatible for Editor in 3.72 ms, found 2 plugins.
Preloading 0 native plugins for Editor in 0.00 ms.
Unloading 13 Unused Serialized files (Serialized files now loaded: 0)
System memory in use before: 61.8 MB.
System memory in use after: 61.5 MB.

Unloading 13 unused Assets to reduce memory usage. Loaded Objects now: 2157.
Total: 3.651300 ms (FindLiveObjects: 0.203300 ms CreateObjectMapping: 0.039600 ms MarkObjects: 2.415200 ms  DeleteObjects: 0.991400 ms)

AssetImportParameters requested are different than current active one (requested -> active):
  custom:framework-win-MediaFoundation: 216162199b28c13a410421893ffa2e32 -> 
  custom:video-decoder-ogg-theora: a1e56fd34408186e4bbccfd4996cb3dc -> 
  custom:container-muxer-webm: aa71ff27fc2769a1b78a27578f13a17b -> 
  custom:container-demuxer-webm: 4f35f7cbe854078d1ac9338744f61a02 -> 
  custom:container-demuxer-ogg: 62fdf1f143b41e24485cea50d1cbac27 -> 
  custom:video-encoder-webm-vp8: eb34c28f22e8b96e1ab97ce403110664 -> 
  custom:video-decoder-webm-vp8: 9c59270c3fd7afecdb556c50c9e8de78 -> 
  custom:audio-decoder-ogg-vorbis: bf7c407c2cedff20999df2af8eb42d56 -> 
  custom:audio-encoder-webm-vorbis: bf7c407c2cedff20999df2af8eb42d56 -> 
========================================================================
Received Prepare
Refreshing native plugins compatible for Editor in 4.76 ms, found 2 plugins.
Preloading 0 native plugins for Editor in 0.00 ms.
Unloading 13 Unused Serialized files (Serialized files now loaded: 0)
System memory in use before: 61.8 MB.
System memory in use after: 61.5 MB.

Unloading 13 unused Assets to reduce memory usage. Loaded Objects now: 2157.
Total: 4.428700 ms (FindLiveObjects: 0.202900 ms CreateObjectMapping: 0.041200 ms MarkObjects: 3.721100 ms  DeleteObjects: 0.462000 ms)

AssetImportParameters requested are different than current active one (requested -> active):
  custom:framework-win-MediaFoundation: 216162199b28c13a410421893ffa2e32 -> 
  custom:video-decoder-ogg-theora: a1e56fd34408186e4bbccfd4996cb3dc -> 
  custom:container-muxer-webm: aa71ff27fc2769a1b78a27578f13a17b -> 
  custom:container-demuxer-webm: 4f35f7cbe854078d1ac9338744f61a02 -> 
  custom:container-demuxer-ogg: 62fdf1f143b41e24485cea50d1cbac27 -> 
  custom:video-encoder-webm-vp8: eb34c28f22e8b96e1ab97ce403110664 -> 
  custom:video-decoder-webm-vp8: 9c59270c3fd7afecdb556c50c9e8de78 -> 
  custom:audio-decoder-ogg-vorbis: bf7c407c2cedff20999df2af8eb42d56 -> 
  custom:audio-encoder-webm-vorbis: bf7c407c2cedff20999df2af8eb42d56 -> 
========================================================================
Received Prepare
Refreshing native plugins compatible for Editor in 2.87 ms, found 2 plugins.
Preloading 0 native plugins for Editor in 0.00 ms.
Unloading 13 Unused Serialized files (Serialized files now loaded: 0)
System memory in use before: 61.8 MB.
System memory in use after: 61.5 MB.

Unloading 13 unused Assets to reduce memory usage. Loaded Objects now: 2157.
Total: 2.990900 ms (FindLiveObjects: 0.190700 ms CreateObjectMapping: 0.039200 ms MarkObjects: 2.328600 ms  DeleteObjects: 0.431000 ms)

AssetImportParameters requested are different than current active one (requested -> active):
  custom:framework-win-MediaFoundation: 216162199b28c13a410421893ffa2e32 -> 
  custom:video-decoder-ogg-theora: a1e56fd34408186e4bbccfd4996cb3dc -> 
  custom:container-muxer-webm: aa71ff27fc2769a1b78a27578f13a17b -> 
  custom:container-demuxer-webm: 4f35f7cbe854078d1ac9338744f61a02 -> 
  custom:container-demuxer-ogg: 62fdf1f143b41e24485cea50d1cbac27 -> 
  custom:video-encoder-webm-vp8: eb34c28f22e8b96e1ab97ce403110664 -> 
  custom:video-decoder-webm-vp8: 9c59270c3fd7afecdb556c50c9e8de78 -> 
  custom:audio-decoder-ogg-vorbis: bf7c407c2cedff20999df2af8eb42d56 -> 
  custom:audio-encoder-webm-vorbis: bf7c407c2cedff20999df2af8eb42d56 -> 
========================================================================
Received Import Request.
  Time since last request: 553.886986 seconds.
  path: Assets/Modelos/reloj.png
  artifactKey: Guid(6bfa79c967591654daabf7e787278c2b) Importer(815301076,1909f56bfc062723c751e8b465ee728b)
Start importing Assets/Modelos/reloj.png using Guid(6bfa79c967591654daabf7e787278c2b) Importer(815301076,1909f56bfc062723c751e8b465ee728b)  -> (artifact id: '59d9a01fb69036ddc67f44504770e0b0') in 0.185126 seconds 
  Import took 0.189423 seconds .

========================================================================
Received Import Request.
  Time since last request: 0.000237 seconds.
  path: Assets/Modelos/relojInterno.png
  artifactKey: Guid(d5d129f90a879f34886fb1f1cd833cbc) Importer(815301076,1909f56bfc062723c751e8b465ee728b)
Start importing Assets/Modelos/relojInterno.png using Guid(d5d129f90a879f34886fb1f1cd833cbc) Importer(815301076,1909f56bfc062723c751e8b465ee728b)  -> (artifact id: '77fcdf8e7444a79eeb8d75a301a61fcb') in 0.023643 seconds 
  Import took 0.028595 seconds .

========================================================================
Received Import Request.
  Time since last request: 7.218188 seconds.
  path: Assets/Modelos/Objetos/ObleaCircuitos.blend
  artifactKey: Guid(06aba47ffa19d1745bbb59696f6a7b86) Importer(815301076,1909f56bfc062723c751e8b465ee728b)
Start importing Assets/Modelos/Objetos/ObleaCircuitos.blend using Guid(06aba47ffa19d1745bbb59696f6a7b86) Importer(815301076,1909f56bfc062723c751e8b465ee728b)  -> (artifact id: 'a797986ccce062e38be1a9f946baecf8') in 0.157839 seconds 
  Import took 0.164265 seconds .

========================================================================
Received Import Request.
  Time since last request: 7.491531 seconds.
  path: Assets/Modelos/Escenario/Piso.jpg
  artifactKey: Guid(3358ec3ac37e4a84b9772e8a77fc0e80) Importer(815301076,1909f56bfc062723c751e8b465ee728b)
Start importing Assets/Modelos/Escenario/Piso.jpg using Guid(3358ec3ac37e4a84b9772e8a77fc0e80) Importer(815301076,1909f56bfc062723c751e8b465ee728b)  -> (artifact id: '0782031e291e45a71a651496a4301cb0') in 0.032825 seconds 
  Import took 0.040612 seconds .

========================================================================
Received Import Request.
  Time since last request: 0.000235 seconds.
  path: Assets/Modelos/Escenario/Piso.png
  artifactKey: Guid(d62daa3749e706d4783b978f6d744ae5) Importer(815301076,1909f56bfc062723c751e8b465ee728b)
Start importing Assets/Modelos/Escenario/Piso.png using Guid(d62daa3749e706d4783b978f6d744ae5) Importer(815301076,1909f56bfc062723c751e8b465ee728b)  -> (artifact id: '03c86a3bb13030d5453dcb5e3324b3ef') in 0.046656 seconds 
  Import took 0.050025 seconds .

========================================================================
Received Import Request.
  Time since last request: 0.000231 seconds.
  path: Assets/Modelos/Escenario/plataforma.jpg
  artifactKey: Guid(f3f6c409801e29049b661dd92d2d15cb) Importer(815301076,1909f56bfc062723c751e8b465ee728b)
Start importing Assets/Modelos/Escenario/plataforma.jpg using Guid(f3f6c409801e29049b661dd92d2d15cb) Importer(815301076,1909f56bfc062723c751e8b465ee728b)  -> (artifact id: 'c8b9365c5ef3d77254d9060d6630b6ce') in 0.093443 seconds 
  Import took 0.097008 seconds .

========================================================================
Received Import Request.
  Time since last request: 0.000231 seconds.
  path: Assets/Modelos/Escenario/Piso.png
  artifactKey: Guid(d62daa3749e706d4783b978f6d744ae5) Importer(815301076,1909f56bfc062723c751e8b465ee728b)
Start importing Assets/Modelos/Escenario/Piso.png using Guid(d62daa3749e706d4783b978f6d744ae5) Importer(815301076,1909f56bfc062723c751e8b465ee728b)  -> (artifact id: '03c86a3bb13030d5453dcb5e3324b3ef') in 0.036866 seconds 
  Import took 0.040476 seconds .

========================================================================
Received Import Request.
  Time since last request: 7.419284 seconds.
  path: Assets/Modelos/recetas/carcasa.png
  artifactKey: Guid(d85d557c87317604a9ff2fc251dbff30) Importer(815301076,1909f56bfc062723c751e8b465ee728b)
Start importing Assets/Modelos/recetas/carcasa.png using Guid(d85d557c87317604a9ff2fc251dbff30) Importer(815301076,1909f56bfc062723c751e8b465ee728b)  -> (artifact id: '5a8ca80a21b13275848ee81c2fae577b') in 0.032432 seconds 
  Import took 0.036226 seconds .

========================================================================
Received Import Request.
  Time since last request: 0.000251 seconds.
  path: Assets/Modelos/recetas/oblea de circuitos.png
  artifactKey: Guid(7a7b42cc5a170bb48a506a2ec382f324) Importer(815301076,1909f56bfc062723c751e8b465ee728b)
Start importing Assets/Modelos/recetas/oblea de circuitos.png using Guid(7a7b42cc5a170bb48a506a2ec382f324) Importer(815301076,1909f56bfc062723c751e8b465ee728b)  -> (artifact id: '5a2eaff8e9a6777f8b48fce91990d8d3') in 0.055563 seconds 
  Import took 0.058865 seconds .

========================================================================
Received Import Request.
  Time since last request: 1.593189 seconds.
  path: Assets/Modelos/MateriasPrimas/Envios.blend
  artifactKey: Guid(f95a480ed5d6ad945b7a9a6ce5cb7005) Importer(815301076,1909f56bfc062723c751e8b465ee728b)
Start importing Assets/Modelos/MateriasPrimas/Envios.blend using Guid(f95a480ed5d6ad945b7a9a6ce5cb7005) Importer(815301076,1909f56bfc062723c751e8b465ee728b)  -> (artifact id: '842c342184dbeff1a6e282c8a074d8f2') in 0.148658 seconds 
  Import took 0.152234 seconds .

========================================================================
Received Import Request.
  Time since last request: 106.344099 seconds.
  path: Assets/Modelos/ImpresoraCircuitos/circuitos.jpg
  artifactKey: Guid(f42db3cbc8b22e846a53ef6d86c8a6f3) Importer(815301076,1909f56bfc062723c751e8b465ee728b)
Start importing Assets/Modelos/ImpresoraCircuitos/circuitos.jpg using Guid(f42db3cbc8b22e846a53ef6d86c8a6f3) Importer(815301076,1909f56bfc062723c751e8b465ee728b)  -> (artifact id: 'abeae383922b6a6d9637490f43a03d86') in 0.017379 seconds 
  Import took 0.022181 seconds .

========================================================================
Received Import Request.
  Time since last request: 0.000236 seconds.
  path: Assets/Modelos/ImpresoraCircuitos/ImpresoraCircuitos.prefab
  artifactKey: Guid(526a7f11dc574a244892aacd247fbe3a) Importer(815301076,1909f56bfc062723c751e8b465ee728b)
Start importing Assets/Modelos/ImpresoraCircuitos/ImpresoraCircuitos.prefab using Guid(526a7f11dc574a244892aacd247fbe3a) Importer(815301076,1909f56bfc062723c751e8b465ee728b)  -> (artifact id: '682bd0ffab2bb4b57bd4c1794d9d94da') in 0.046732 seconds 
  Import took 0.050748 seconds .

========================================================================
Received Import Request.
  Time since last request: 0.000224 seconds.
  path: Assets/Modelos/ImpresoraCircuitos/obleodoma.blend
  artifactKey: Guid(0bcdb40db667d3246b2984e6bdeb6090) Importer(815301076,1909f56bfc062723c751e8b465ee728b)
Start importing Assets/Modelos/ImpresoraCircuitos/obleodoma.blend using Guid(0bcdb40db667d3246b2984e6bdeb6090) Importer(815301076,1909f56bfc062723c751e8b465ee728b)  -> (artifact id: '9a8f12c1900e26b8c5a147a768053413') in 0.084187 seconds 
  Import took 0.087961 seconds .

========================================================================
Received Prepare
Registering precompiled user dll's ...
Registered in 0.004910 seconds.
Begin MonoManager ReloadAssembly
Native extension for WindowsStandalone target not found
Native extension for WebGL target not found
Refreshing native plugins compatible for Editor in 0.86 ms, found 2 plugins.
Preloading 0 native plugins for Editor in 0.00 ms.
Mono: successfully reloaded assembly
- Completed reload, in  1.472 seconds
Platform modules already initialized, skipping
Refreshing native plugins compatible for Editor in 0.45 ms, found 2 plugins.
Preloading 0 native plugins for Editor in 0.00 ms.
Unloading 1663 Unused Serialized files (Serialized files now loaded: 0)
System memory in use before: 98.1 MB.
System memory in use after: 97.9 MB.

Unloading 16 unused Assets to reduce memory usage. Loaded Objects now: 2209.
Total: 3.790700 ms (FindLiveObjects: 0.220100 ms CreateObjectMapping: 0.040300 ms MarkObjects: 3.085400 ms  DeleteObjects: 0.443100 ms)

AssetImportParameters requested are different than current active one (requested -> active):
  custom:framework-win-MediaFoundation: 216162199b28c13a410421893ffa2e32 -> 
  custom:video-decoder-ogg-theora: a1e56fd34408186e4bbccfd4996cb3dc -> 
  custom:container-muxer-webm: aa71ff27fc2769a1b78a27578f13a17b -> 
  custom:container-demuxer-webm: 4f35f7cbe854078d1ac9338744f61a02 -> 
  custom:container-demuxer-ogg: 62fdf1f143b41e24485cea50d1cbac27 -> 
  custom:video-encoder-webm-vp8: eb34c28f22e8b96e1ab97ce403110664 -> 
  custom:video-decoder-webm-vp8: 9c59270c3fd7afecdb556c50c9e8de78 -> 
  custom:audio-decoder-ogg-vorbis: bf7c407c2cedff20999df2af8eb42d56 -> 
  custom:audio-encoder-webm-vorbis: bf7c407c2cedff20999df2af8eb42d56 -> 
========================================================================
Received Import Request.
  Time since last request: 11.038006 seconds.
  path: Assets/Modelos/Impresora3d/fan.jpg
  artifactKey: Guid(f9ed05f7406c22544b8ea6d0f9289bdc) Importer(815301076,1909f56bfc062723c751e8b465ee728b)
Start importing Assets/Modelos/Impresora3d/fan.jpg using Guid(f9ed05f7406c22544b8ea6d0f9289bdc) Importer(815301076,1909f56bfc062723c751e8b465ee728b)  -> (artifact id: 'd999800738c865abb66443b64cc651cc') in 0.062987 seconds 
  Import took 0.076887 seconds .

========================================================================
Received Import Request.
  Time since last request: 0.000257 seconds.
  path: Assets/Modelos/Impresora3d/ref.jpg
  artifactKey: Guid(2e43c33cba5eb7943a9002a976952faf) Importer(815301076,1909f56bfc062723c751e8b465ee728b)
Start importing Assets/Modelos/Impresora3d/ref.jpg using Guid(2e43c33cba5eb7943a9002a976952faf) Importer(815301076,1909f56bfc062723c751e8b465ee728b)  -> (artifact id: 'dbdb8bb6ad05eae1880011a7406a2c0d') in 0.122976 seconds 
  Import took 0.126916 seconds .

========================================================================
Received Import Request.
  Time since last request: 0.000227 seconds.
  path: Assets/Modelos/Impresora3d/interface.jpg
  artifactKey: Guid(bd8ac5ea916fc5f4ea111511c3da9038) Importer(815301076,1909f56bfc062723c751e8b465ee728b)
Start importing Assets/Modelos/Impresora3d/interface.jpg using Guid(bd8ac5ea916fc5f4ea111511c3da9038) Importer(815301076,1909f56bfc062723c751e8b465ee728b)  -> (artifact id: 'dcc7627099d2f20015c697d660ce95c1') in 0.038424 seconds 
  Import took 0.042325 seconds .

========================================================================
Received Import Request.
  Time since last request: 1.297040 seconds.
  path: Assets/Modelos/Fondo/FONDO_MEDALLO.png
  artifactKey: Guid(c95b5f818a75fd747b8b9847839d7cc5) Importer(815301076,1909f56bfc062723c751e8b465ee728b)
Start importing Assets/Modelos/Fondo/FONDO_MEDALLO.png using Guid(c95b5f818a75fd747b8b9847839d7cc5) Importer(815301076,1909f56bfc062723c751e8b465ee728b)  -> (artifact id: '67a206d372f11f361a772a7d9388a024') in 0.025074 seconds 
  Import took 0.030202 seconds .

========================================================================
Received Import Request.
  Time since last request: 0.000230 seconds.
  path: Assets/Modelos/Fondo/imagenFondo.jpg
  artifactKey: Guid(3b5f2499029b0cb44b5b36445030f09b) Importer(815301076,1909f56bfc062723c751e8b465ee728b)
Start importing Assets/Modelos/Fondo/imagenFondo.jpg using Guid(3b5f2499029b0cb44b5b36445030f09b) Importer(815301076,1909f56bfc062723c751e8b465ee728b)  -> (artifact id: '88edd684815605c695b014b859d9eed3') in 0.033482 seconds 
  Import took 0.037734 seconds .

========================================================================
Received Import Request.
  Time since last request: 0.007251 seconds.
  path: Assets/Modelos/Fondo/imagenFondo.jpg
  artifactKey: Guid(3b5f2499029b0cb44b5b36445030f09b) Importer(815301076,1909f56bfc062723c751e8b465ee728b)
Start importing Assets/Modelos/Fondo/imagenFondo.jpg using Guid(3b5f2499029b0cb44b5b36445030f09b) Importer(815301076,1909f56bfc062723c751e8b465ee728b)  -> (artifact id: '88edd684815605c695b014b859d9eed3') in 0.030653 seconds 
  Import took 0.035456 seconds .

========================================================================
Received Import Request.
  Time since last request: 94.809432 seconds.
  path: Assets/Scenes/Game_2.unity
  artifactKey: Guid(e09d59dde47636e4cb07159456da0201) Importer(815301076,1909f56bfc062723c751e8b465ee728b)
Start importing Assets/Scenes/Game_2.unity using Guid(e09d59dde47636e4cb07159456da0201) Importer(815301076,1909f56bfc062723c751e8b465ee728b)  -> (artifact id: '96d9a110ed493ac290958c4b7afa6b92') in 0.012854 seconds 
  Import took 0.016835 seconds .

========================================================================
Received Import Request.
  Time since last request: 3.107774 seconds.
  path: Assets/Scenes/Game_3.unity
  artifactKey: Guid(468c135d0e82dd349948bca1d100335e) Importer(815301076,1909f56bfc062723c751e8b465ee728b)
Start importing Assets/Scenes/Game_3.unity using Guid(468c135d0e82dd349948bca1d100335e) Importer(815301076,1909f56bfc062723c751e8b465ee728b)  -> (artifact id: 'ed2e56b68af0d7fff1cd07a418d2980c') in 0.003728 seconds 
  Import took 0.007653 seconds .

========================================================================
Received Import Request.
  Time since last request: 1.748062 seconds.
  path: Assets/Scenes/Game_4.unity
  artifactKey: Guid(5d37f1aaa7b580f47a956dd7ccb3434b) Importer(815301076,1909f56bfc062723c751e8b465ee728b)
Start importing Assets/Scenes/Game_4.unity using Guid(5d37f1aaa7b580f47a956dd7ccb3434b) Importer(815301076,1909f56bfc062723c751e8b465ee728b)  -> (artifact id: '91c27c0943046e428137088210e22e4d') in 0.009472 seconds 
  Import took 0.013029 seconds .

========================================================================
Received Prepare
Refreshing native plugins compatible for Editor in 3.56 ms, found 2 plugins.
Preloading 0 native plugins for Editor in 0.00 ms.
Unloading 13 Unused Serialized files (Serialized files now loaded: 0)
System memory in use before: 65.5 MB.
System memory in use after: 65.3 MB.

Unloading 13 unused Assets to reduce memory usage. Loaded Objects now: 2212.
Total: 3.472100 ms (FindLiveObjects: 0.206400 ms CreateObjectMapping: 0.040000 ms MarkObjects: 2.838200 ms  DeleteObjects: 0.385800 ms)

AssetImportParameters requested are different than current active one (requested -> active):
  custom:framework-win-MediaFoundation: 216162199b28c13a410421893ffa2e32 -> 
  custom:video-decoder-ogg-theora: a1e56fd34408186e4bbccfd4996cb3dc -> 
  custom:container-muxer-webm: aa71ff27fc2769a1b78a27578f13a17b -> 
  custom:container-demuxer-webm: 4f35f7cbe854078d1ac9338744f61a02 -> 
  custom:container-demuxer-ogg: 62fdf1f143b41e24485cea50d1cbac27 -> 
  custom:video-encoder-webm-vp8: eb34c28f22e8b96e1ab97ce403110664 -> 
  custom:video-decoder-webm-vp8: 9c59270c3fd7afecdb556c50c9e8de78 -> 
  custom:audio-decoder-ogg-vorbis: bf7c407c2cedff20999df2af8eb42d56 -> 
  custom:audio-encoder-webm-vorbis: bf7c407c2cedff20999df2af8eb42d56 -> 
========================================================================
Received Prepare
Refreshing native plugins compatible for Editor in 3.25 ms, found 2 plugins.
Preloading 0 native plugins for Editor in 0.00 ms.
Unloading 13 Unused Serialized files (Serialized files now loaded: 0)
System memory in use before: 65.5 MB.
System memory in use after: 65.3 MB.

Unloading 13 unused Assets to reduce memory usage. Loaded Objects now: 2212.
Total: 7.338600 ms (FindLiveObjects: 2.942300 ms CreateObjectMapping: 0.122800 ms MarkObjects: 3.678500 ms  DeleteObjects: 0.593500 ms)

AssetImportParameters requested are different than current active one (requested -> active):
  custom:framework-win-MediaFoundation: 216162199b28c13a410421893ffa2e32 -> 
  custom:video-decoder-ogg-theora: a1e56fd34408186e4bbccfd4996cb3dc -> 
  custom:container-muxer-webm: aa71ff27fc2769a1b78a27578f13a17b -> 
  custom:container-demuxer-webm: 4f35f7cbe854078d1ac9338744f61a02 -> 
  custom:container-demuxer-ogg: 62fdf1f143b41e24485cea50d1cbac27 -> 
  custom:video-encoder-webm-vp8: eb34c28f22e8b96e1ab97ce403110664 -> 
  custom:video-decoder-webm-vp8: 9c59270c3fd7afecdb556c50c9e8de78 -> 
  custom:audio-decoder-ogg-vorbis: bf7c407c2cedff20999df2af8eb42d56 -> 
  custom:audio-encoder-webm-vorbis: bf7c407c2cedff20999df2af8eb42d56 -> 
========================================================================
Received Import Request.
  Time since last request: 676.790531 seconds.
  path: Assets/Scenes/Game_3.unity
  artifactKey: Guid(468c135d0e82dd349948bca1d100335e) Importer(815301076,1909f56bfc062723c751e8b465ee728b)
Start importing Assets/Scenes/Game_3.unity using Guid(468c135d0e82dd349948bca1d100335e) Importer(815301076,1909f56bfc062723c751e8b465ee728b)  -> (artifact id: 'ad285587491756d1c71263ac33143b62') in 0.025336 seconds 
  Import took 0.030233 seconds .

========================================================================
Received Import Request.
  Time since last request: 5.366848 seconds.
  path: Assets/Scenes/Game_4.unity
  artifactKey: Guid(5d37f1aaa7b580f47a956dd7ccb3434b) Importer(815301076,1909f56bfc062723c751e8b465ee728b)
Start importing Assets/Scenes/Game_4.unity using Guid(5d37f1aaa7b580f47a956dd7ccb3434b) Importer(815301076,1909f56bfc062723c751e8b465ee728b)  -> (artifact id: '27316be29c5497b760bf20d036bf8a5e') in 0.004415 seconds 
  Import took 0.007418 seconds .

========================================================================
Received Prepare
Refreshing native plugins compatible for Editor in 5.46 ms, found 2 plugins.
Preloading 0 native plugins for Editor in 0.00 ms.
Unloading 13 Unused Serialized files (Serialized files now loaded: 0)
System memory in use before: 65.5 MB.
System memory in use after: 65.3 MB.

Unloading 13 unused Assets to reduce memory usage. Loaded Objects now: 2212.
Total: 3.684800 ms (FindLiveObjects: 0.207100 ms CreateObjectMapping: 0.039500 ms MarkObjects: 3.012600 ms  DeleteObjects: 0.424100 ms)

AssetImportParameters requested are different than current active one (requested -> active):
  custom:framework-win-MediaFoundation: 216162199b28c13a410421893ffa2e32 -> 
  custom:video-decoder-ogg-theora: a1e56fd34408186e4bbccfd4996cb3dc -> 
  custom:container-muxer-webm: aa71ff27fc2769a1b78a27578f13a17b -> 
  custom:container-demuxer-webm: 4f35f7cbe854078d1ac9338744f61a02 -> 
  custom:container-demuxer-ogg: 62fdf1f143b41e24485cea50d1cbac27 -> 
  custom:video-encoder-webm-vp8: eb34c28f22e8b96e1ab97ce403110664 -> 
  custom:video-decoder-webm-vp8: 9c59270c3fd7afecdb556c50c9e8de78 -> 
  custom:audio-decoder-ogg-vorbis: bf7c407c2cedff20999df2af8eb42d56 -> 
  custom:audio-encoder-webm-vorbis: bf7c407c2cedff20999df2af8eb42d56 -> 
========================================================================
Received Import Request.
  Time since last request: 570.230068 seconds.
  path: Assets/Scenes/menu niveles.unity
  artifactKey: Guid(b896b79988468284b86ec66304db8799) Importer(815301076,1909f56bfc062723c751e8b465ee728b)
Start importing Assets/Scenes/menu niveles.unity using Guid(b896b79988468284b86ec66304db8799) Importer(815301076,1909f56bfc062723c751e8b465ee728b)  -> (artifact id: '218f0de0b9db5d8aa8b115631782167f') in 0.022688 seconds 
  Import took 0.026929 seconds .

========================================================================
Received Prepare
Registering precompiled user dll's ...
Registered in 0.004509 seconds.
Begin MonoManager ReloadAssembly
Native extension for WindowsStandalone target not found
Native extension for WebGL target not found
Refreshing native plugins compatible for Editor in 0.51 ms, found 2 plugins.
Preloading 0 native plugins for Editor in 0.00 ms.
Mono: successfully reloaded assembly
- Completed reload, in  3.256 seconds
Platform modules already initialized, skipping
Refreshing native plugins compatible for Editor in 0.49 ms, found 2 plugins.
Preloading 0 native plugins for Editor in 0.00 ms.
Unloading 1663 Unused Serialized files (Serialized files now loaded: 0)
System memory in use before: 98.2 MB.
System memory in use after: 97.9 MB.

Unloading 16 unused Assets to reduce memory usage. Loaded Objects now: 2215.
Total: 4.211600 ms (FindLiveObjects: 1.059000 ms CreateObjectMapping: 0.150400 ms MarkObjects: 2.577200 ms  DeleteObjects: 0.423500 ms)

AssetImportParameters requested are different than current active one (requested -> active):
  custom:framework-win-MediaFoundation: 216162199b28c13a410421893ffa2e32 -> 
  custom:video-decoder-ogg-theora: a1e56fd34408186e4bbccfd4996cb3dc -> 
  custom:container-muxer-webm: aa71ff27fc2769a1b78a27578f13a17b -> 
  custom:container-demuxer-webm: 4f35f7cbe854078d1ac9338744f61a02 -> 
  custom:container-demuxer-ogg: 62fdf1f143b41e24485cea50d1cbac27 -> 
  custom:video-encoder-webm-vp8: eb34c28f22e8b96e1ab97ce403110664 -> 
  custom:video-decoder-webm-vp8: 9c59270c3fd7afecdb556c50c9e8de78 -> 
  custom:audio-decoder-ogg-vorbis: bf7c407c2cedff20999df2af8eb42d56 -> 
  custom:audio-encoder-webm-vorbis: bf7c407c2cedff20999df2af8eb42d56 -> 
========================================================================
Received Prepare
Refreshing native plugins compatible for Editor in 5.20 ms, found 2 plugins.
Preloading 0 native plugins for Editor in 0.00 ms.
Unloading 13 Unused Serialized files (Serialized files now loaded: 0)
System memory in use before: 65.5 MB.
System memory in use after: 65.2 MB.

Unloading 13 unused Assets to reduce memory usage. Loaded Objects now: 2215.
Total: 2.705600 ms (FindLiveObjects: 0.230100 ms CreateObjectMapping: 0.047200 ms MarkObjects: 2.002300 ms  DeleteObjects: 0.424500 ms)

AssetImportParameters requested are different than current active one (requested -> active):
  custom:framework-win-MediaFoundation: 216162199b28c13a410421893ffa2e32 -> 
  custom:video-decoder-ogg-theora: a1e56fd34408186e4bbccfd4996cb3dc -> 
  custom:container-muxer-webm: aa71ff27fc2769a1b78a27578f13a17b -> 
  custom:container-demuxer-webm: 4f35f7cbe854078d1ac9338744f61a02 -> 
  custom:container-demuxer-ogg: 62fdf1f143b41e24485cea50d1cbac27 -> 
  custom:video-encoder-webm-vp8: eb34c28f22e8b96e1ab97ce403110664 -> 
  custom:video-decoder-webm-vp8: 9c59270c3fd7afecdb556c50c9e8de78 -> 
  custom:audio-decoder-ogg-vorbis: bf7c407c2cedff20999df2af8eb42d56 -> 
  custom:audio-encoder-webm-vorbis: bf7c407c2cedff20999df2af8eb42d56 -> 
========================================================================
Received Import Request.
  Time since last request: 87.301645 seconds.
  path: Assets/Script/ScriptableObject/MenuNiveles.asset
  artifactKey: Guid(9b3703fca14cb194296d3754fd2c7192) Importer(815301076,1909f56bfc062723c751e8b465ee728b)
Start importing Assets/Script/ScriptableObject/MenuNiveles.asset using Guid(9b3703fca14cb194296d3754fd2c7192) Importer(815301076,1909f56bfc062723c751e8b465ee728b)  -> (artifact id: 'a1c68d519a35106af7178cfa77c7659d') in 0.036261 seconds 
  Import took 0.040296 seconds .

========================================================================
Received Prepare
Registering precompiled user dll's ...
Registered in 0.003623 seconds.
Begin MonoManager ReloadAssembly
Native extension for WindowsStandalone target not found
Native extension for WebGL target not found
Refreshing native plugins compatible for Editor in 0.51 ms, found 2 plugins.
Preloading 0 native plugins for Editor in 0.00 ms.
Mono: successfully reloaded assembly
- Completed reload, in  2.983 seconds
Platform modules already initialized, skipping
Refreshing native plugins compatible for Editor in 0.46 ms, found 2 plugins.
Preloading 0 native plugins for Editor in 0.00 ms.
Unloading 1663 Unused Serialized files (Serialized files now loaded: 0)
System memory in use before: 98.2 MB.
System memory in use after: 97.9 MB.

Unloading 16 unused Assets to reduce memory usage. Loaded Objects now: 2218.
Total: 2.857100 ms (FindLiveObjects: 0.209500 ms CreateObjectMapping: 0.041700 ms MarkObjects: 2.182500 ms  DeleteObjects: 0.422000 ms)

AssetImportParameters requested are different than current active one (requested -> active):
  custom:framework-win-MediaFoundation: 216162199b28c13a410421893ffa2e32 -> 
  custom:video-decoder-ogg-theora: a1e56fd34408186e4bbccfd4996cb3dc -> 
  custom:container-muxer-webm: aa71ff27fc2769a1b78a27578f13a17b -> 
  custom:container-demuxer-webm: 4f35f7cbe854078d1ac9338744f61a02 -> 
  custom:container-demuxer-ogg: 62fdf1f143b41e24485cea50d1cbac27 -> 
  custom:video-encoder-webm-vp8: eb34c28f22e8b96e1ab97ce403110664 -> 
  custom:video-decoder-webm-vp8: 9c59270c3fd7afecdb556c50c9e8de78 -> 
  custom:audio-decoder-ogg-vorbis: bf7c407c2cedff20999df2af8eb42d56 -> 
  custom:audio-encoder-webm-vorbis: bf7c407c2cedff20999df2af8eb42d56 -> 
========================================================================
Received Prepare
Refreshing native plugins compatible for Editor in 3.33 ms, found 2 plugins.
Preloading 0 native plugins for Editor in 0.00 ms.
Unloading 13 Unused Serialized files (Serialized files now loaded: 0)
System memory in use before: 65.5 MB.
System memory in use after: 65.2 MB.

Unloading 13 unused Assets to reduce memory usage. Loaded Objects now: 2218.
Total: 3.063200 ms (FindLiveObjects: 0.227100 ms CreateObjectMapping: 0.045400 ms MarkObjects: 2.350500 ms  DeleteObjects: 0.439100 ms)

AssetImportParameters requested are different than current active one (requested -> active):
  custom:framework-win-MediaFoundation: 216162199b28c13a410421893ffa2e32 -> 
  custom:video-decoder-ogg-theora: a1e56fd34408186e4bbccfd4996cb3dc -> 
  custom:container-muxer-webm: aa71ff27fc2769a1b78a27578f13a17b -> 
  custom:container-demuxer-webm: 4f35f7cbe854078d1ac9338744f61a02 -> 
  custom:container-demuxer-ogg: 62fdf1f143b41e24485cea50d1cbac27 -> 
  custom:video-encoder-webm-vp8: eb34c28f22e8b96e1ab97ce403110664 -> 
  custom:video-decoder-webm-vp8: 9c59270c3fd7afecdb556c50c9e8de78 -> 
  custom:audio-decoder-ogg-vorbis: bf7c407c2cedff20999df2af8eb42d56 -> 
  custom:audio-encoder-webm-vorbis: bf7c407c2cedff20999df2af8eb42d56 -> 
========================================================================
Received Import Request.
  Time since last request: 172.643326 seconds.
  path: Assets/Scenes/Game_2.unity
  artifactKey: Guid(e09d59dde47636e4cb07159456da0201) Importer(815301076,1909f56bfc062723c751e8b465ee728b)
Start importing Assets/Scenes/Game_2.unity using Guid(e09d59dde47636e4cb07159456da0201) Importer(815301076,1909f56bfc062723c751e8b465ee728b)  -> (artifact id: '0d409f37a4034ec73152fda2e03625d2') in 0.027779 seconds 
  Import took 0.031256 seconds .

========================================================================
Received Import Request.
  Time since last request: 56.795285 seconds.
  path: Assets/Modelos/Fondo/Fondo.anim
  artifactKey: Guid(10d469dd5baad474d9940c16f85ec033) Importer(815301076,1909f56bfc062723c751e8b465ee728b)
Start importing Assets/Modelos/Fondo/Fondo.anim using Guid(10d469dd5baad474d9940c16f85ec033) Importer(815301076,1909f56bfc062723c751e8b465ee728b)  -> (artifact id: 'd18ff93434178bad0d9beeace82a3ef3') in 0.012760 seconds 
  Import took 0.016464 seconds .

========================================================================
Received Import Request.
  Time since last request: 0.002044 seconds.
  path: Assets/Modelos/Fondo/Fondo.anim
  artifactKey: Guid(10d469dd5baad474d9940c16f85ec033) Importer(815301076,1909f56bfc062723c751e8b465ee728b)
Start importing Assets/Modelos/Fondo/Fondo.anim using Guid(10d469dd5baad474d9940c16f85ec033) Importer(815301076,1909f56bfc062723c751e8b465ee728b)  -> (artifact id: 'd18ff93434178bad0d9beeace82a3ef3') in 0.003973 seconds 
  Import took 0.007391 seconds .

========================================================================
Received Prepare
Registering precompiled user dll's ...
Registered in 0.005179 seconds.
Begin MonoManager ReloadAssembly
Native extension for WindowsStandalone target not found
Native extension for WebGL target not found
Refreshing native plugins compatible for Editor in 0.51 ms, found 2 plugins.
Preloading 0 native plugins for Editor in 0.00 ms.
Mono: successfully reloaded assembly
- Completed reload, in  1.355 seconds
Platform modules already initialized, skipping
Refreshing native plugins compatible for Editor in 0.44 ms, found 2 plugins.
Preloading 0 native plugins for Editor in 0.00 ms.
Unloading 1663 Unused Serialized files (Serialized files now loaded: 0)
System memory in use before: 98.2 MB.
System memory in use after: 98.0 MB.

Unloading 16 unused Assets to reduce memory usage. Loaded Objects now: 2221.
Total: 2.885600 ms (FindLiveObjects: 0.206800 ms CreateObjectMapping: 0.040100 ms MarkObjects: 2.130800 ms  DeleteObjects: 0.506200 ms)

AssetImportParameters requested are different than current active one (requested -> active):
  custom:framework-win-MediaFoundation: 216162199b28c13a410421893ffa2e32 -> 
  custom:video-decoder-ogg-theora: a1e56fd34408186e4bbccfd4996cb3dc -> 
  custom:container-muxer-webm: aa71ff27fc2769a1b78a27578f13a17b -> 
  custom:container-demuxer-webm: 4f35f7cbe854078d1ac9338744f61a02 -> 
  custom:container-demuxer-ogg: 62fdf1f143b41e24485cea50d1cbac27 -> 
  custom:video-encoder-webm-vp8: eb34c28f22e8b96e1ab97ce403110664 -> 
  custom:video-decoder-webm-vp8: 9c59270c3fd7afecdb556c50c9e8de78 -> 
  custom:audio-decoder-ogg-vorbis: bf7c407c2cedff20999df2af8eb42d56 -> 
  custom:audio-encoder-webm-vorbis: bf7c407c2cedff20999df2af8eb42d56 -> 
========================================================================
Received Import Request.
  Time since last request: 112.550729 seconds.
  path: Assets/Modelos/Fondo/Fondo.prefab
  artifactKey: Guid(4aeca1aeab40e014c9428e8a1cdbb20d) Importer(815301076,1909f56bfc062723c751e8b465ee728b)
Start importing Assets/Modelos/Fondo/Fondo.prefab using Guid(4aeca1aeab40e014c9428e8a1cdbb20d) Importer(815301076,1909f56bfc062723c751e8b465ee728b)  -> (artifact id: '88d60f96409b416ce316b239f8cf477f') in 0.099077 seconds 
  Import took 0.103080 seconds .

========================================================================
Received Prepare
Registering precompiled user dll's ...
Registered in 0.014005 seconds.
Begin MonoManager ReloadAssembly
Native extension for WindowsStandalone target not found
Native extension for WebGL target not found
Refreshing native plugins compatible for Editor in 0.63 ms, found 2 plugins.
Preloading 0 native plugins for Editor in 0.00 ms.
Mono: successfully reloaded assembly
- Completed reload, in  2.846 seconds
Platform modules already initialized, skipping
Refreshing native plugins compatible for Editor in 0.51 ms, found 2 plugins.
Preloading 0 native plugins for Editor in 0.00 ms.
Unloading 1663 Unused Serialized files (Serialized files now loaded: 0)
System memory in use before: 98.3 MB.
System memory in use after: 98.0 MB.

Unloading 16 unused Assets to reduce memory usage. Loaded Objects now: 2226.
Total: 3.286800 ms (FindLiveObjects: 0.215800 ms CreateObjectMapping: 0.042700 ms MarkObjects: 2.589400 ms  DeleteObjects: 0.437500 ms)

AssetImportParameters requested are different than current active one (requested -> active):
  custom:framework-win-MediaFoundation: 216162199b28c13a410421893ffa2e32 -> 
  custom:video-decoder-ogg-theora: a1e56fd34408186e4bbccfd4996cb3dc -> 
  custom:container-muxer-webm: aa71ff27fc2769a1b78a27578f13a17b -> 
  custom:container-demuxer-webm: 4f35f7cbe854078d1ac9338744f61a02 -> 
  custom:container-demuxer-ogg: 62fdf1f143b41e24485cea50d1cbac27 -> 
  custom:video-encoder-webm-vp8: eb34c28f22e8b96e1ab97ce403110664 -> 
  custom:video-decoder-webm-vp8: 9c59270c3fd7afecdb556c50c9e8de78 -> 
  custom:audio-decoder-ogg-vorbis: bf7c407c2cedff20999df2af8eb42d56 -> 
  custom:audio-encoder-webm-vorbis: bf7c407c2cedff20999df2af8eb42d56 -> 
========================================================================
Received Prepare
Refreshing native plugins compatible for Editor in 2.88 ms, found 2 plugins.
Preloading 0 native plugins for Editor in 0.00 ms.
Unloading 13 Unused Serialized files (Serialized files now loaded: 0)
System memory in use before: 65.5 MB.
System memory in use after: 65.3 MB.

Unloading 13 unused Assets to reduce memory usage. Loaded Objects now: 2226.
Total: 3.433100 ms (FindLiveObjects: 0.204100 ms CreateObjectMapping: 0.040300 ms MarkObjects: 2.722700 ms  DeleteObjects: 0.464700 ms)

AssetImportParameters requested are different than current active one (requested -> active):
  custom:framework-win-MediaFoundation: 216162199b28c13a410421893ffa2e32 -> 
  custom:video-decoder-ogg-theora: a1e56fd34408186e4bbccfd4996cb3dc -> 
  custom:container-muxer-webm: aa71ff27fc2769a1b78a27578f13a17b -> 
  custom:container-demuxer-webm: 4f35f7cbe854078d1ac9338744f61a02 -> 
  custom:container-demuxer-ogg: 62fdf1f143b41e24485cea50d1cbac27 -> 
  custom:video-encoder-webm-vp8: eb34c28f22e8b96e1ab97ce403110664 -> 
  custom:video-decoder-webm-vp8: 9c59270c3fd7afecdb556c50c9e8de78 -> 
  custom:audio-decoder-ogg-vorbis: bf7c407c2cedff20999df2af8eb42d56 -> 
  custom:audio-encoder-webm-vorbis: bf7c407c2cedff20999df2af8eb42d56 -> 
AssetImportWorkerClient::OnTransportError - code=2 error=End of file
